<?xml version="1.0" encoding="UTF-8"?>
<coverage generated="1631200168113" clover="3.2.0">
  <project timestamp="1631200168113" name="All files">
    <metrics statements="68" coveredstatements="68" conditionals="42" coveredconditionals="41" methods="8" coveredmethods="8" elements="118" coveredelements="117" complexity="0" loc="68" ncloc="68" packages="1" files="1" classes="1"/>
    <file name="gilded_rose.js" path="/Users/plopez_work/Desktop/Practice Workspace/GildedRose-Refactoring-Kata/js-jest/src/gilded_rose.js">
      <metrics statements="68" coveredstatements="68" conditionals="42" coveredconditionals="41" methods="8" coveredmethods="8"/>
      <line num="3" count="42" type="cond" truecount="2" falsecount="0"/>
      <line num="4" count="1" type="stmt"/>
      <line num="6" count="41" type="stmt"/>
      <line num="7" count="41" type="stmt"/>
      <line num="8" count="41" type="stmt"/>
      <line num="14" count="15" type="stmt"/>
      <line num="18" count="10" type="cond" truecount="2" falsecount="0"/>
      <line num="19" count="6" type="stmt"/>
      <line num="22" count="6" type="cond" truecount="2" falsecount="0"/>
      <line num="23" count="2" type="stmt"/>
      <line num="26" count="6" type="stmt"/>
      <line num="29" count="4" type="stmt"/>
      <line num="31" count="4" type="cond" truecount="2" falsecount="0"/>
      <line num="32" count="2" type="stmt"/>
      <line num="36" count="4" type="stmt"/>
      <line num="41" count="8" type="cond" truecount="2" falsecount="0"/>
      <line num="42" count="4" type="stmt"/>
      <line num="45" count="4" type="cond" truecount="2" falsecount="0"/>
      <line num="46" count="2" type="stmt"/>
      <line num="49" count="4" type="stmt"/>
      <line num="52" count="4" type="stmt"/>
      <line num="54" count="4" type="cond" truecount="2" falsecount="0"/>
      <line num="55" count="2" type="stmt"/>
      <line num="59" count="4" type="stmt"/>
      <line num="64" count="8" type="cond" truecount="2" falsecount="0"/>
      <line num="65" count="4" type="stmt"/>
      <line num="67" count="4" type="cond" truecount="2" falsecount="0"/>
      <line num="68" count="2" type="stmt"/>
      <line num="71" count="4" type="stmt"/>
      <line num="74" count="4" type="stmt"/>
      <line num="76" count="4" type="cond" truecount="2" falsecount="0"/>
      <line num="77" count="2" type="stmt"/>
      <line num="80" count="4" type="stmt"/>
      <line num="85" count="4" type="stmt"/>
      <line num="87" count="4" type="cond" truecount="2" falsecount="0"/>
      <line num="88" count="2" type="stmt"/>
      <line num="91" count="4" type="stmt"/>
      <line num="95" count="11" type="stmt"/>
      <line num="96" count="11" type="cond" truecount="4" falsecount="0"/>
      <line num="98" count="2" type="stmt"/>
      <line num="99" count="2" type="stmt"/>
      <line num="102" count="3" type="stmt"/>
      <line num="103" count="3" type="cond" truecount="2" falsecount="0"/>
      <line num="104" count="1" type="stmt"/>
      <line num="106" count="3" type="stmt"/>
      <line num="109" count="3" type="stmt"/>
      <line num="110" count="3" type="cond" truecount="2" falsecount="0"/>
      <line num="111" count="1" type="stmt"/>
      <line num="113" count="3" type="stmt"/>
      <line num="116" count="3" type="stmt"/>
      <line num="117" count="3" type="cond" truecount="2" falsecount="0"/>
      <line num="118" count="1" type="stmt"/>
      <line num="120" count="3" type="stmt"/>
      <line num="125" count="10" type="stmt"/>
      <line num="126" count="24" type="stmt"/>
      <line num="128" count="24" type="cond" truecount="5" falsecount="0"/>
      <line num="130" count="7" type="stmt"/>
      <line num="131" count="7" type="stmt"/>
      <line num="134" count="3" type="stmt"/>
      <line num="135" count="3" type="stmt"/>
      <line num="138" count="4" type="stmt"/>
      <line num="139" count="4" type="stmt"/>
      <line num="142" count="4" type="stmt"/>
      <line num="143" count="4" type="stmt"/>
      <line num="146" count="6" type="stmt"/>
      <line num="147" count="6" type="stmt"/>
      <line num="151" count="10" type="stmt"/>
      <line num="155" count="1" type="stmt"/>
    </file>
  </project>
</coverage>
