{"/Users/plopez_work/Desktop/Practice Workspace/GildedRose-Refactoring-Kata/js-jest/src/gilded_rose.js": {"path":"/Users/plopez_work/Desktop/Practice Workspace/GildedRose-Refactoring-Kata/js-jest/src/gilded_rose.js","statementMap":{"0":{"start":{"line":3,"column":4},"end":{"line":5,"column":5}},"1":{"start":{"line":4,"column":6},"end":{"line":4,"column":42}},"2":{"start":{"line":6,"column":4},"end":{"line":6,"column":21}},"3":{"start":{"line":7,"column":4},"end":{"line":7,"column":25}},"4":{"start":{"line":8,"column":4},"end":{"line":8,"column":27}},"5":{"start":{"line":14,"column":4},"end":{"line":14,"column":23}},"6":{"start":{"line":18,"column":4},"end":{"line":37,"column":5}},"7":{"start":{"line":19,"column":6},"end":{"line":19,"column":36}},"8":{"start":{"line":22,"column":6},"end":{"line":24,"column":7}},"9":{"start":{"line":23,"column":8},"end":{"line":23,"column":37}},"10":{"start":{"line":26,"column":6},"end":{"line":26,"column":30}},"11":{"start":{"line":29,"column":6},"end":{"line":29,"column":36}},"12":{"start":{"line":31,"column":6},"end":{"line":34,"column":7}},"13":{"start":{"line":32,"column":8},"end":{"line":32,"column":37}},"14":{"start":{"line":36,"column":6},"end":{"line":36,"column":30}},"15":{"start":{"line":41,"column":4},"end":{"line":60,"column":5}},"16":{"start":{"line":42,"column":6},"end":{"line":42,"column":36}},"17":{"start":{"line":45,"column":6},"end":{"line":47,"column":7}},"18":{"start":{"line":46,"column":8},"end":{"line":46,"column":37}},"19":{"start":{"line":49,"column":6},"end":{"line":49,"column":30}},"20":{"start":{"line":52,"column":6},"end":{"line":52,"column":36}},"21":{"start":{"line":54,"column":6},"end":{"line":57,"column":7}},"22":{"start":{"line":55,"column":8},"end":{"line":55,"column":37}},"23":{"start":{"line":59,"column":6},"end":{"line":59,"column":30}},"24":{"start":{"line":64,"column":4},"end":{"line":81,"column":5}},"25":{"start":{"line":65,"column":6},"end":{"line":65,"column":36}},"26":{"start":{"line":67,"column":6},"end":{"line":69,"column":7}},"27":{"start":{"line":68,"column":8},"end":{"line":68,"column":38}},"28":{"start":{"line":71,"column":6},"end":{"line":71,"column":30}},"29":{"start":{"line":74,"column":6},"end":{"line":74,"column":36}},"30":{"start":{"line":76,"column":6},"end":{"line":78,"column":7}},"31":{"start":{"line":77,"column":8},"end":{"line":77,"column":38}},"32":{"start":{"line":80,"column":6},"end":{"line":80,"column":30}},"33":{"start":{"line":85,"column":4},"end":{"line":85,"column":32}},"34":{"start":{"line":87,"column":4},"end":{"line":89,"column":5}},"35":{"start":{"line":88,"column":6},"end":{"line":88,"column":36}},"36":{"start":{"line":91,"column":4},"end":{"line":91,"column":28}},"37":{"start":{"line":95,"column":19},"end":{"line":95,"column":43}},"38":{"start":{"line":96,"column":4},"end":{"line":121,"column":5}},"39":{"start":{"line":98,"column":8},"end":{"line":98,"column":37}},"40":{"start":{"line":99,"column":8},"end":{"line":99,"column":13}},"41":{"start":{"line":102,"column":8},"end":{"line":102,"column":38}},"42":{"start":{"line":103,"column":8},"end":{"line":105,"column":9}},"43":{"start":{"line":104,"column":10},"end":{"line":104,"column":40}},"44":{"start":{"line":106,"column":8},"end":{"line":106,"column":13}},"45":{"start":{"line":109,"column":8},"end":{"line":109,"column":37}},"46":{"start":{"line":110,"column":8},"end":{"line":112,"column":9}},"47":{"start":{"line":111,"column":10},"end":{"line":111,"column":40}},"48":{"start":{"line":113,"column":8},"end":{"line":113,"column":13}},"49":{"start":{"line":116,"column":8},"end":{"line":116,"column":38}},"50":{"start":{"line":117,"column":8},"end":{"line":119,"column":9}},"51":{"start":{"line":118,"column":10},"end":{"line":118,"column":40}},"52":{"start":{"line":120,"column":8},"end":{"line":120,"column":13}},"53":{"start":{"line":125,"column":4},"end":{"line":149,"column":5}},"54":{"start":{"line":125,"column":17},"end":{"line":125,"column":18}},"55":{"start":{"line":126,"column":23},"end":{"line":126,"column":41}},"56":{"start":{"line":128,"column":6},"end":{"line":148,"column":7}},"57":{"start":{"line":130,"column":10},"end":{"line":130,"column":39}},"58":{"start":{"line":131,"column":10},"end":{"line":131,"column":15}},"59":{"start":{"line":134,"column":10},"end":{"line":134,"column":38}},"60":{"start":{"line":135,"column":10},"end":{"line":135,"column":15}},"61":{"start":{"line":138,"column":10},"end":{"line":138,"column":33}},"62":{"start":{"line":139,"column":10},"end":{"line":139,"column":15}},"63":{"start":{"line":142,"column":10},"end":{"line":142,"column":37}},"64":{"start":{"line":143,"column":10},"end":{"line":143,"column":15}},"65":{"start":{"line":146,"column":10},"end":{"line":146,"column":35}},"66":{"start":{"line":147,"column":10},"end":{"line":147,"column":15}},"67":{"start":{"line":151,"column":4},"end":{"line":151,"column":22}},"68":{"start":{"line":155,"column":0},"end":{"line":158,"column":1}}},"fnMap":{"0":{"name":"(anonymous_0)","decl":{"start":{"line":2,"column":2},"end":{"line":2,"column":3}},"loc":{"start":{"line":2,"column":36},"end":{"line":9,"column":3}},"line":2},"1":{"name":"(anonymous_1)","decl":{"start":{"line":13,"column":2},"end":{"line":13,"column":3}},"loc":{"start":{"line":13,"column":23},"end":{"line":15,"column":3}},"line":13},"2":{"name":"(anonymous_2)","decl":{"start":{"line":17,"column":2},"end":{"line":17,"column":3}},"loc":{"start":{"line":17,"column":27},"end":{"line":38,"column":3}},"line":17},"3":{"name":"(anonymous_3)","decl":{"start":{"line":40,"column":2},"end":{"line":40,"column":3}},"loc":{"start":{"line":40,"column":29},"end":{"line":61,"column":3}},"line":40},"4":{"name":"(anonymous_4)","decl":{"start":{"line":63,"column":2},"end":{"line":63,"column":3}},"loc":{"start":{"line":63,"column":24},"end":{"line":82,"column":3}},"line":63},"5":{"name":"(anonymous_5)","decl":{"start":{"line":84,"column":2},"end":{"line":84,"column":3}},"loc":{"start":{"line":84,"column":29},"end":{"line":92,"column":3}},"line":84},"6":{"name":"(anonymous_6)","decl":{"start":{"line":94,"column":2},"end":{"line":94,"column":3}},"loc":{"start":{"line":94,"column":30},"end":{"line":122,"column":3}},"line":94},"7":{"name":"(anonymous_7)","decl":{"start":{"line":124,"column":2},"end":{"line":124,"column":3}},"loc":{"start":{"line":124,"column":18},"end":{"line":152,"column":3}},"line":124}},"branchMap":{"0":{"loc":{"start":{"line":3,"column":4},"end":{"line":5,"column":5}},"type":"if","locations":[{"start":{"line":3,"column":4},"end":{"line":5,"column":5}},{"start":{"line":3,"column":4},"end":{"line":5,"column":5}}],"line":3},"1":{"loc":{"start":{"line":13,"column":14},"end":{"line":13,"column":22}},"type":"default-arg","locations":[{"start":{"line":13,"column":20},"end":{"line":13,"column":22}}],"line":13},"2":{"loc":{"start":{"line":18,"column":4},"end":{"line":37,"column":5}},"type":"if","locations":[{"start":{"line":18,"column":4},"end":{"line":37,"column":5}},{"start":{"line":18,"column":4},"end":{"line":37,"column":5}}],"line":18},"3":{"loc":{"start":{"line":22,"column":6},"end":{"line":24,"column":7}},"type":"if","locations":[{"start":{"line":22,"column":6},"end":{"line":24,"column":7}},{"start":{"line":22,"column":6},"end":{"line":24,"column":7}}],"line":22},"4":{"loc":{"start":{"line":31,"column":6},"end":{"line":34,"column":7}},"type":"if","locations":[{"start":{"line":31,"column":6},"end":{"line":34,"column":7}},{"start":{"line":31,"column":6},"end":{"line":34,"column":7}}],"line":31},"5":{"loc":{"start":{"line":41,"column":4},"end":{"line":60,"column":5}},"type":"if","locations":[{"start":{"line":41,"column":4},"end":{"line":60,"column":5}},{"start":{"line":41,"column":4},"end":{"line":60,"column":5}}],"line":41},"6":{"loc":{"start":{"line":45,"column":6},"end":{"line":47,"column":7}},"type":"if","locations":[{"start":{"line":45,"column":6},"end":{"line":47,"column":7}},{"start":{"line":45,"column":6},"end":{"line":47,"column":7}}],"line":45},"7":{"loc":{"start":{"line":54,"column":6},"end":{"line":57,"column":7}},"type":"if","locations":[{"start":{"line":54,"column":6},"end":{"line":57,"column":7}},{"start":{"line":54,"column":6},"end":{"line":57,"column":7}}],"line":54},"8":{"loc":{"start":{"line":64,"column":4},"end":{"line":81,"column":5}},"type":"if","locations":[{"start":{"line":64,"column":4},"end":{"line":81,"column":5}},{"start":{"line":64,"column":4},"end":{"line":81,"column":5}}],"line":64},"9":{"loc":{"start":{"line":67,"column":6},"end":{"line":69,"column":7}},"type":"if","locations":[{"start":{"line":67,"column":6},"end":{"line":69,"column":7}},{"start":{"line":67,"column":6},"end":{"line":69,"column":7}}],"line":67},"10":{"loc":{"start":{"line":76,"column":6},"end":{"line":78,"column":7}},"type":"if","locations":[{"start":{"line":76,"column":6},"end":{"line":78,"column":7}},{"start":{"line":76,"column":6},"end":{"line":78,"column":7}}],"line":76},"11":{"loc":{"start":{"line":87,"column":4},"end":{"line":89,"column":5}},"type":"if","locations":[{"start":{"line":87,"column":4},"end":{"line":89,"column":5}},{"start":{"line":87,"column":4},"end":{"line":89,"column":5}}],"line":87},"12":{"loc":{"start":{"line":96,"column":4},"end":{"line":121,"column":5}},"type":"switch","locations":[{"start":{"line":97,"column":6},"end":{"line":99,"column":13}},{"start":{"line":101,"column":6},"end":{"line":106,"column":13}},{"start":{"line":108,"column":6},"end":{"line":113,"column":13}},{"start":{"line":115,"column":6},"end":{"line":120,"column":13}}],"line":96},"13":{"loc":{"start":{"line":101,"column":12},"end":{"line":101,"column":37}},"type":"binary-expr","locations":[{"start":{"line":101,"column":12},"end":{"line":101,"column":22}},{"start":{"line":101,"column":26},"end":{"line":101,"column":37}}],"line":101},"14":{"loc":{"start":{"line":103,"column":8},"end":{"line":105,"column":9}},"type":"if","locations":[{"start":{"line":103,"column":8},"end":{"line":105,"column":9}},{"start":{"line":103,"column":8},"end":{"line":105,"column":9}}],"line":103},"15":{"loc":{"start":{"line":108,"column":12},"end":{"line":108,"column":38}},"type":"binary-expr","locations":[{"start":{"line":108,"column":12},"end":{"line":108,"column":22}},{"start":{"line":108,"column":26},"end":{"line":108,"column":38}}],"line":108},"16":{"loc":{"start":{"line":110,"column":8},"end":{"line":112,"column":9}},"type":"if","locations":[{"start":{"line":110,"column":8},"end":{"line":112,"column":9}},{"start":{"line":110,"column":8},"end":{"line":112,"column":9}}],"line":110},"17":{"loc":{"start":{"line":117,"column":8},"end":{"line":119,"column":9}},"type":"if","locations":[{"start":{"line":117,"column":8},"end":{"line":119,"column":9}},{"start":{"line":117,"column":8},"end":{"line":119,"column":9}}],"line":117},"18":{"loc":{"start":{"line":128,"column":6},"end":{"line":148,"column":7}},"type":"switch","locations":[{"start":{"line":129,"column":8},"end":{"line":131,"column":15}},{"start":{"line":133,"column":8},"end":{"line":135,"column":15}},{"start":{"line":137,"column":8},"end":{"line":139,"column":15}},{"start":{"line":141,"column":8},"end":{"line":143,"column":15}},{"start":{"line":145,"column":8},"end":{"line":147,"column":15}}],"line":128}},"s":{"0":42,"1":1,"2":41,"3":41,"4":41,"5":15,"6":10,"7":6,"8":6,"9":2,"10":6,"11":4,"12":4,"13":2,"14":4,"15":8,"16":4,"17":4,"18":2,"19":4,"20":4,"21":4,"22":2,"23":4,"24":8,"25":4,"26":4,"27":2,"28":4,"29":4,"30":4,"31":2,"32":4,"33":4,"34":4,"35":2,"36":4,"37":11,"38":11,"39":2,"40":2,"41":3,"42":3,"43":1,"44":3,"45":3,"46":3,"47":1,"48":3,"49":3,"50":3,"51":1,"52":3,"53":10,"54":10,"55":24,"56":24,"57":7,"58":7,"59":3,"60":3,"61":4,"62":4,"63":4,"64":4,"65":6,"66":6,"67":10,"68":1},"f":{"0":42,"1":15,"2":10,"3":8,"4":8,"5":4,"6":11,"7":10},"b":{"0":[1,41],"1":[0],"2":[6,4],"3":[2,4],"4":[2,2],"5":[4,4],"6":[2,2],"7":[2,2],"8":[4,4],"9":[2,2],"10":[2,2],"11":[2,2],"12":[2,3,3,3],"13":[9,9],"14":[1,2],"15":[6,6],"16":[1,2],"17":[1,2],"18":[7,3,4,4,6]},"_coverageSchema":"43e27e138ebf9cfc5966b082cf9a028302ed4184","hash":"b51b7512b32d4796f82204744367be1dae64c344"}
}
