TN:
SF:/Users/plopez_work/Desktop/Practice Workspace/GildedRose-Refactoring-Kata/js-jest/src/gilded_rose.js
FN:2,(anonymous_0)
FN:13,(anonymous_1)
FN:17,(anonymous_2)
FN:40,(anonymous_3)
FN:63,(anonymous_4)
FN:84,(anonymous_5)
FN:94,(anonymous_6)
FN:124,(anonymous_7)
FNF:8
FNH:8
FNDA:42,(anonymous_0)
FNDA:15,(anonymous_1)
FNDA:10,(anonymous_2)
FNDA:8,(anonymous_3)
FNDA:8,(anonymous_4)
FNDA:4,(anonymous_5)
FNDA:11,(anonymous_6)
FNDA:10,(anonymous_7)
DA:3,42
DA:4,1
DA:6,41
DA:7,41
DA:8,41
DA:14,15
DA:18,10
DA:19,6
DA:22,6
DA:23,2
DA:26,6
DA:29,4
DA:31,4
DA:32,2
DA:36,4
DA:41,8
DA:42,4
DA:45,4
DA:46,2
DA:49,4
DA:52,4
DA:54,4
DA:55,2
DA:59,4
DA:64,8
DA:65,4
DA:67,4
DA:68,2
DA:71,4
DA:74,4
DA:76,4
DA:77,2
DA:80,4
DA:85,4
DA:87,4
DA:88,2
DA:91,4
DA:95,11
DA:96,11
DA:98,2
DA:99,2
DA:102,3
DA:103,3
DA:104,1
DA:106,3
DA:109,3
DA:110,3
DA:111,1
DA:113,3
DA:116,3
DA:117,3
DA:118,1
DA:120,3
DA:125,10
DA:126,24
DA:128,24
DA:130,7
DA:131,7
DA:134,3
DA:135,3
DA:138,4
DA:139,4
DA:142,4
DA:143,4
DA:146,6
DA:147,6
DA:151,10
DA:155,1
LF:68
LH:68
BRDA:3,0,0,1
BRDA:3,0,1,41
BRDA:13,1,0,0
BRDA:18,2,0,6
BRDA:18,2,1,4
BRDA:22,3,0,2
BRDA:22,3,1,4
BRDA:31,4,0,2
BRDA:31,4,1,2
BRDA:41,5,0,4
BRDA:41,5,1,4
BRDA:45,6,0,2
BRDA:45,6,1,2
BRDA:54,7,0,2
BRDA:54,7,1,2
BRDA:64,8,0,4
BRDA:64,8,1,4
BRDA:67,9,0,2
BRDA:67,9,1,2
BRDA:76,10,0,2
BRDA:76,10,1,2
BRDA:87,11,0,2
BRDA:87,11,1,2
BRDA:96,12,0,2
BRDA:96,12,1,3
BRDA:96,12,2,3
BRDA:96,12,3,3
BRDA:101,13,0,9
BRDA:101,13,1,9
BRDA:103,14,0,1
BRDA:103,14,1,2
BRDA:108,15,0,6
BRDA:108,15,1,6
BRDA:110,16,0,1
BRDA:110,16,1,2
BRDA:117,17,0,1
BRDA:117,17,1,2
BRDA:128,18,0,7
BRDA:128,18,1,3
BRDA:128,18,2,4
BRDA:128,18,3,4
BRDA:128,18,4,6
BRF:42
BRH:41
end_of_record
